Starting Single Run, Sweeps and Corners...

Current time: Wed Sep 25 22:35:26 2024 
Best design point: 1
Design specs: 
	Pre_Layout	corner	Nominal - 
	A_cl		1.975	No
	A_cl_dB		5.91	Yes
	BW		11.81M	Yes
	GBW		69.79M	Yes
	fu		15.84M
	Post_Layout	corner	Nominal - 
	A_cl		1.168	No
	A_cl_dB		1.35	No
	BW		10.07M	Yes
	GBW		13.59M	No
	fu		6.558M
Design parameters: 

Interactive.3
Number of points completed: 1
Number of simulation errors: 0
Interactive.3 completed. 
Current time: Wed Sep 25 22:36:05 2024 
