Starting Single Run, Sweeps and Corners...

Current time: Thu Sep 26 23:27:34 2024 
Best design point: 1
Design specs: 
	Pre_Layout	corner	Nominal - 
	A_cl		1.975	Near
	A_cl_dB		5.91	Near
	BW		11.81M	Yes
	GBW		23.32M	Yes
	fu		15.84M
	Post_Layout	corner	Nominal - 
	A_cl		1.164	No
	A_cl_dB		1.318	No
	BW		10.16M	Yes
	GBW		11.83M	No
	fu		6.429M
Design parameters: 

Interactive.6
Number of points completed: 1
Number of simulation errors: 0
Interactive.6 completed. 
Current time: Thu Sep 26 23:28:32 2024 
