Starting Single Run, Sweeps and Corners...

Current time: Mon Oct  7 11:52:47 2024 
Best design point: 1
Design specs: 
	Pre_Layout	corner	Nominal - 
	A_cl		1.975	Near
	A_cl_dB		5.91	Near
	BW		11.81M	Yes
	GBW		23.32M	Yes
	fu		15.84M
	Post_Layout	corner	Nominal - 
	A_cl		1.974	Near
	A_cl_dB		5.907	Near
	BW		11.51M	Yes
	GBW		22.72M	Yes
	fu		15.08M
Design parameters: 

Interactive.11
Number of points completed: 1
Number of simulation errors: 0
Interactive.11 completed. 
Current time: Mon Oct  7 11:54:34 2024 
