Starting Single Run, Sweeps and Corners...

Current time: Thu Sep 26 23:45:55 2024 
Best design point: 1
Design specs: 
	Pre_Layout	corner	Nominal - 
	A_cl		1.975	Near
	A_cl_dB		5.91	Near
	BW		11.81M	Yes
	GBW		23.32M	Yes
	fu		15.84M
	Post_Layout	corner	Nominal - 
	A_cl		1.975	Near
	A_cl_dB		5.907	Near
	BW		11.49M	Yes
	GBW		22.7M	Yes
	fu		15.03M
Design parameters: 

Interactive.8
Number of points completed: 1
Number of simulation errors: 0
Interactive.8 completed. 
Current time: Thu Sep 26 23:46:49 2024 
